{
  "RSpec": {
    "coverage": {
      "/Users/alec/Projects/makers-course/afternoon-challenges/Bookmark-Manager/spec/features/feature_spec.rb": [
        1,
        null,
        1,
        1,
        1,
        1,
        null,
        null,
        null,
        1,
        1,
        1,
        1,
        1,
        null,
        null
      ],
      "/Users/alec/Projects/makers-course/afternoon-challenges/Bookmark-Manager/spec/unit/bookmark_spec.rb": [
        1,
        null,
        1,
        1,
        1,
        1,
        null,
        null,
        null
      ],
      "/Users/alec/Projects/makers-course/afternoon-challenges/Bookmark-Manager/lib/bookmark.rb": [
        1,
        null,
        1,
        null,
        1,
        1,
        1,
        1,
        1,
        4,
        null,
        null,
        null,
        null,
        null,
        1,
        0,
        null,
        null,
        null
      ]
    },
    "timestamp": 1616433784
  }
}
